<?xml version="1.0" encoding="UTF-8"?>
<coverage generated="1728718006150" clover="3.2.0">
  <project timestamp="1728718006150" name="All files">
    <metrics statements="24" coveredstatements="22" conditionals="10" coveredconditionals="8" methods="3" coveredmethods="3" elements="37" coveredelements="33" complexity="0" loc="24" ncloc="24" packages="3" files="4" classes="4"/>
    <package name="src">
      <metrics statements="2" coveredstatements="0" conditionals="0" coveredconditionals="0" methods="0" coveredmethods="0"/>
      <file name="main.ts" path="C:\Users\seanm\Documents\GitHub\volothamp\project-euler\src\main.ts">
        <metrics statements="2" coveredstatements="0" conditionals="0" coveredconditionals="0" methods="0" coveredmethods="0"/>
        <line num="24" count="0" type="stmt"/>
        <line num="26" count="0" type="stmt"/>
      </file>
    </package>
    <package name="src.inc">
      <metrics statements="3" coveredstatements="3" conditionals="2" coveredconditionals="2" methods="1" coveredmethods="1"/>
      <file name="utils.ts" path="C:\Users\seanm\Documents\GitHub\volothamp\project-euler\src\inc\utils.ts">
        <metrics statements="3" coveredstatements="3" conditionals="2" coveredconditionals="2" methods="1" coveredmethods="1"/>
        <line num="2" count="1" type="stmt"/>
        <line num="3" count="4" type="stmt"/>
        <line num="4" count="4" type="cond" truecount="2" falsecount="0"/>
      </file>
    </package>
    <package name="src.problems">
      <metrics statements="19" coveredstatements="19" conditionals="8" coveredconditionals="6" methods="2" coveredmethods="2"/>
      <file name="prob-1.ts" path="C:\Users\seanm\Documents\GitHub\volothamp\project-euler\src\problems\prob-1.ts">
        <metrics statements="8" coveredstatements="8" conditionals="1" coveredconditionals="1" methods="1" coveredmethods="1"/>
        <line num="1" count="1" type="stmt"/>
        <line num="2" count="1" type="stmt"/>
        <line num="4" count="1" type="stmt"/>
        <line num="5" count="9" type="stmt"/>
        <line num="6" count="15" type="cond" truecount="1" falsecount="0"/>
        <line num="7" count="4" type="stmt"/>
        <line num="8" count="4" type="stmt"/>
        <line num="12" count="1" type="stmt"/>
      </file>
      <file name="prob-2.ts" path="C:\Users\seanm\Documents\GitHub\volothamp\project-euler\src\problems\prob-2.ts">
        <metrics statements="11" coveredstatements="11" conditionals="7" coveredconditionals="5" methods="1" coveredmethods="1"/>
        <line num="1" count="1" type="stmt"/>
        <line num="2" count="1" type="stmt"/>
        <line num="3" count="1" type="cond" truecount="1" falsecount="1"/>
        <line num="4" count="1" type="cond" truecount="1" falsecount="1"/>
        <line num="5" count="1" type="stmt"/>
        <line num="7" count="1" type="stmt"/>
        <line num="8" count="9" type="stmt"/>
        <line num="9" count="9" type="cond" truecount="1" falsecount="0"/>
        <line num="10" count="8" type="stmt"/>
        <line num="11" count="8" type="cond" truecount="2" falsecount="0"/>
        <line num="15" count="1" type="stmt"/>
      </file>
    </package>
  </project>
</coverage>
