{"C:\\Users\\seanm\\Documents\\GitHub\\volothamp\\project-euler\\src\\main.ts": {"path":"C:\\Users\\seanm\\Documents\\GitHub\\volothamp\\project-euler\\src\\main.ts","statementMap":{"0":{"start":{"line":24,"column":0},"end":{"line":24,"column":54}},"1":{"start":{"line":26,"column":0},"end":{"line":26,"column":63}}},"fnMap":{},"branchMap":{},"s":{"0":0,"1":0},"f":{},"b":{}}
,"C:\\Users\\seanm\\Documents\\GitHub\\volothamp\\project-euler\\src\\inc\\utils.ts": {"path":"C:\\Users\\seanm\\Documents\\GitHub\\volothamp\\project-euler\\src\\inc\\utils.ts","statementMap":{"0":{"start":{"line":2,"column":0},"end":{"line":2,"column":16}},"1":{"start":{"line":3,"column":14},"end":{"line":3,"column":33}},"2":{"start":{"line":4,"column":2},"end":{"line":4,"column":34}}},"fnMap":{"0":{"name":"inputToNumber","decl":{"start":{"line":2,"column":16},"end":{"line":2,"column":29}},"loc":{"start":{"line":2,"column":43},"end":{"line":5,"column":1}}}},"branchMap":{"0":{"loc":{"start":{"line":4,"column":9},"end":{"line":4,"column":33}},"type":"cond-expr","locations":[{"start":{"line":4,"column":22},"end":{"line":4,"column":27}},{"start":{"line":4,"column":30},"end":{"line":4,"column":33}}]}},"s":{"0":1,"1":4,"2":4},"f":{"0":4},"b":{"0":[2,2]}}
,"C:\\Users\\seanm\\Documents\\GitHub\\volothamp\\project-euler\\src\\problems\\prob-1.ts": {"path":"C:\\Users\\seanm\\Documents\\GitHub\\volothamp\\project-euler\\src\\problems\\prob-1.ts","statementMap":{"0":{"start":{"line":1,"column":0},"end":{"line":1,"column":16}},"1":{"start":{"line":2,"column":12},"end":{"line":2,"column":13}},"2":{"start":{"line":4,"column":2},"end":{"line":11,"column":3}},"3":{"start":{"line":4,"column":15},"end":{"line":4,"column":23}},"4":{"start":{"line":5,"column":4},"end":{"line":10,"column":5}},"5":{"start":{"line":5,"column":17},"end":{"line":5,"column":18}},"6":{"start":{"line":6,"column":6},"end":{"line":9,"column":7}},"7":{"start":{"line":7,"column":8},"end":{"line":7,"column":17}},"8":{"start":{"line":8,"column":8},"end":{"line":8,"column":14}},"9":{"start":{"line":12,"column":2},"end":{"line":12,"column":13}}},"fnMap":{"0":{"name":"getSumOfMultiples","decl":{"start":{"line":1,"column":16},"end":{"line":1,"column":33}},"loc":{"start":{"line":1,"column":90},"end":{"line":13,"column":1}}}},"branchMap":{"0":{"loc":{"start":{"line":6,"column":6},"end":{"line":9,"column":7}},"type":"if","locations":[{"start":{"line":6,"column":6},"end":{"line":9,"column":7}}]}},"s":{"0":1,"1":1,"2":1,"3":1,"4":9,"5":9,"6":15,"7":4,"8":4,"9":1},"f":{"0":1},"b":{"0":[4]}}
,"C:\\Users\\seanm\\Documents\\GitHub\\volothamp\\project-euler\\src\\problems\\prob-2.ts": {"path":"C:\\Users\\seanm\\Documents\\GitHub\\volothamp\\project-euler\\src\\problems\\prob-2.ts","statementMap":{"0":{"start":{"line":1,"column":0},"end":{"line":1,"column":16}},"1":{"start":{"line":2,"column":17},"end":{"line":2,"column":32}},"2":{"start":{"line":3,"column":19},"end":{"line":3,"column":48}},"3":{"start":{"line":4,"column":2},"end":{"line":4,"column":41}},"4":{"start":{"line":5,"column":13},"end":{"line":5,"column":14}},"5":{"start":{"line":7,"column":2},"end":{"line":13,"column":3}},"6":{"start":{"line":8,"column":4},"end":{"line":8,"column":73}},"7":{"start":{"line":9,"column":4},"end":{"line":12,"column":5}},"8":{"start":{"line":10,"column":6},"end":{"line":10,"column":26}},"9":{"start":{"line":11,"column":6},"end":{"line":11,"column":41}},"10":{"start":{"line":15,"column":2},"end":{"line":15,"column":13}}},"fnMap":{"0":{"name":"getFibonacciSequenceSum","decl":{"start":{"line":1,"column":16},"end":{"line":1,"column":39}},"loc":{"start":{"line":1,"column":95},"end":{"line":16,"column":1}}}},"branchMap":{"0":{"loc":{"start":{"line":3,"column":19},"end":{"line":3,"column":48}},"type":"cond-expr","locations":[{"start":{"line":3,"column":41},"end":{"line":3,"column":46}},{"start":{"line":3,"column":47},"end":{"line":3,"column":48}}]},"1":{"loc":{"start":{"line":4,"column":9},"end":{"line":4,"column":40}},"type":"cond-expr","locations":[{"start":{"line":4,"column":32},"end":{"line":4,"column":38}},{"start":{"line":4,"column":39},"end":{"line":4,"column":40}}]},"2":{"loc":{"start":{"line":9,"column":4},"end":{"line":12,"column":5}},"type":"if","locations":[{"start":{"line":9,"column":4},"end":{"line":12,"column":5}}]},"3":{"loc":{"start":{"line":11,"column":13},"end":{"line":11,"column":40}},"type":"cond-expr","locations":[{"start":{"line":11,"column":34},"end":{"line":11,"column":38}},{"start":{"line":11,"column":39},"end":{"line":11,"column":40}}]}},"s":{"0":1,"1":1,"2":1,"3":1,"4":1,"5":1,"6":9,"7":9,"8":8,"9":8,"10":1},"f":{"0":1},"b":{"0":[0,1],"1":[1,0],"2":[8],"3":[2,6]}}
}
