TN:
SF:src\main.ts
FNF:0
FNH:0
DA:24,0
DA:26,0
LF:2
LH:0
BRF:0
BRH:0
end_of_record
TN:
SF:src\inc\utils.ts
FN:2,inputToNumber
FNF:1
FNH:1
FNDA:4,inputToNumber
DA:2,1
DA:3,4
DA:4,4
LF:3
LH:3
BRDA:4,0,0,2
BRDA:4,0,1,2
BRF:2
BRH:2
end_of_record
TN:
SF:src\problems\prob-1.ts
FN:1,getSumOfMultiples
FNF:1
FNH:1
FNDA:1,getSumOfMultiples
DA:1,1
DA:2,1
DA:4,1
DA:5,9
DA:6,15
DA:7,4
DA:8,4
DA:12,1
LF:8
LH:8
BRDA:6,0,0,4
BRF:1
BRH:1
end_of_record
TN:
SF:src\problems\prob-2.ts
FN:1,getFibonacciSequenceSum
FNF:1
FNH:1
FNDA:1,getFibonacciSequenceSum
DA:1,1
DA:2,1
DA:3,1
DA:4,1
DA:5,1
DA:7,1
DA:8,9
DA:9,9
DA:10,8
DA:11,8
DA:15,1
LF:11
LH:11
BRDA:3,0,0,0
BRDA:3,0,1,1
BRDA:4,1,0,1
BRDA:4,1,1,0
BRDA:9,2,0,8
BRDA:11,3,0,2
BRDA:11,3,1,6
BRF:7
BRH:5
end_of_record
